<?xml version="1.0" encoding="UTF-8"?>
<!-- Generated by org.testng.reporters.JUnitReportReporter -->
<testsuite hostname="user" name="com.Cogniphy.Protection.Muthoot.TestSuites.TestClass" tests="1" failures="0" timestamp="5 Mar 2018 08:56:58 GMT" time="0.015" errors="0">
  <testcase name="TC_001" time="0.015" classname="com.Cogniphy.Protection.Muthoot.TestSuites.TestClass"/>
</testsuite> <!-- com.Cogniphy.Protection.Muthoot.TestSuites.TestClass -->
