<?xml version="1.0" encoding="UTF-8"?>
<!-- Generated by org.testng.reporters.JUnitReportReporter -->
<testsuite hostname="user" name="com.Cogniphy.Protection.Muthoot.TestSuites.Administration_Suite" tests="1" failures="0" timestamp="15 Feb 2018 04:42:58 GMT" time="0.013" errors="0">
  <testcase name="f" time="0.013" classname="com.Cogniphy.Protection.Muthoot.TestSuites.Administration_Suite"/>
</testsuite> <!-- com.Cogniphy.Protection.Muthoot.TestSuites.Administration_Suite -->
