<?xml version="1.0" encoding="UTF-8"?>
<!-- Generated by org.testng.reporters.JUnitReportReporter -->
<testsuite hostname="user" name="com.Cogniphy.Protection.Muthoot.TestSuites.Reports_TestSuite" tests="8" failures="0" timestamp="28 Feb 2018 06:40:28 GMT" time="1794.445" errors="0">
  <testcase name="TC_008_attendanceValidationForeachERT" time="1256.846" classname="com.Cogniphy.Protection.Muthoot.TestSuites.Reports_TestSuite"/>
  <testcase name="TC_002_Validate_ERTReported_At_Time_with_Daily_Report" time="0.005" classname="com.Cogniphy.Protection.Muthoot.TestSuites.Reports_TestSuite"/>
  <testcase name="TC_004_IncidentRoom_BranchNames_Validation" time="0.000" classname="com.Cogniphy.Protection.Muthoot.TestSuites.Reports_TestSuite"/>
  <testcase name="TC_007_odoMeter_Reading_Valiadtion" time="0.015" classname="com.Cogniphy.Protection.Muthoot.TestSuites.Reports_TestSuite"/>
  <testcase name="TC_005_ADT_AlarmTime_Vrfction_BN_Summ_ND_IncRoom" time="0.000" classname="com.Cogniphy.Protection.Muthoot.TestSuites.Reports_TestSuite"/>
  <testcase name="TC_006_ADT_RecievedTime_Verification" time="0.000" classname="com.Cogniphy.Protection.Muthoot.TestSuites.Reports_TestSuite"/>
  <testcase name="TC_001_Login" time="537.579" classname="com.Cogniphy.Protection.Muthoot.TestSuites.Reports_TestSuite"/>
  <testcase name="TC_003_Validate_No_of_Branches_Visted" time="0.000" classname="com.Cogniphy.Protection.Muthoot.TestSuites.Reports_TestSuite"/>
</testsuite> <!-- com.Cogniphy.Protection.Muthoot.TestSuites.Reports_TestSuite -->
