<?xml version="1.0" encoding="UTF-8"?>
<!-- Generated by org.testng.reporters.JUnitReportReporter -->
<testsuite hostname="user" name="com.Cogniphy.Protection.Muthoot.TestSuites.Serveillance" tests="1" failures="0" timestamp="15 Feb 2018 11:23:09 GMT" time="0.007" errors="0">
  <testcase name="f" time="0.007" classname="com.Cogniphy.Protection.Muthoot.TestSuites.Serveillance"/>
</testsuite> <!-- com.Cogniphy.Protection.Muthoot.TestSuites.Serveillance -->
