<?xml version="1.0" encoding="UTF-8"?>
<!-- Generated by org.testng.reporters.JUnitReportReporter -->
<testsuite hostname="user" name="com.Cogniphy.Protection.Muthoot.Reports.TestCheck" tests="1" failures="0" timestamp="1 Feb 2018 06:29:22 GMT" time="38.680" errors="0">
  <testcase name="TC_0001" time="38.680" classname="com.Cogniphy.Protection.Muthoot.Reports.TestCheck"/>
</testsuite> <!-- com.Cogniphy.Protection.Muthoot.Reports.TestCheck -->
